c:\users\kfh\desktop\cabinetex\cabinetex\x64\release\vc143.pdb
c:\users\kfh\desktop\cabinetex\cabinetex\x64\release\tree.obj
c:\users\kfh\desktop\cabinetex\cabinetex\x64\release\cfgstart.obj
c:\users\kfh\desktop\cabinetex\cabinetex\x64\release\shundoc.obj
c:\users\kfh\desktop\cabinetex\cabinetex\x64\release\command.obj
c:\users\kfh\desktop\cabinetex\cabinetex\x64\release\initcab.obj
c:\users\kfh\desktop\cabinetex\cabinetex\x64\release\dde.obj
c:\users\kfh\desktop\cabinetex\cabinetex\x64\release\task.obj
c:\users\kfh\desktop\cabinetex\cabinetex\x64\release\sfcache.obj
c:\users\kfh\desktop\cabinetex\cabinetex\x64\release\recent.obj
c:\users\kfh\desktop\cabinetex\cabinetex\x64\release\onetree.obj
c:\users\kfh\desktop\cabinetex\cabinetex\x64\release\nothunk.obj
c:\users\kfh\desktop\cabinetex\cabinetex\x64\release\message.obj
c:\users\kfh\desktop\cabinetex\cabinetex\x64\release\mainloop.obj
c:\users\kfh\desktop\cabinetex\cabinetex\x64\release\fldrlist.obj
c:\users\kfh\desktop\cabinetex\cabinetex\x64\release\fcext.obj
c:\users\kfh\desktop\cabinetex\cabinetex\x64\release\explorer.obj
c:\users\kfh\desktop\cabinetex\cabinetex\x64\release\explalt.obj
c:\users\kfh\desktop\cabinetex\cabinetex\x64\release\drivlist.obj
c:\users\kfh\desktop\cabinetex\cabinetex\x64\release\desktop.obj
c:\users\kfh\desktop\cabinetex\cabinetex\x64\release\debug.obj
c:\users\kfh\desktop\cabinetex\cabinetex\x64\release\cstrings.obj
c:\users\kfh\desktop\cabinetex\cabinetex\x64\release\cabwnd.obj
c:\users\kfh\desktop\cabinetex\cabinetex\x64\release\treedrop.obj
c:\users\kfh\desktop\cabinetex\cabinetex\x64\release\traynot.obj
c:\users\kfh\desktop\cabinetex\cabinetex\x64\release\trayclok.obj
c:\users\kfh\desktop\cabinetex\cabinetex\x64\release\tray.obj
c:\users\kfh\desktop\cabinetex\cabinetex\x64\release\tc.obj
c:\users\kfh\desktop\cabinetex\cabinetex\x64\release\taskman.obj
c:\users\kfh\desktop\cabinetex\x64\release\explorer.exe
c:\users\kfh\desktop\cabinetex\x64\release\cabinetex.pdb
c:\users\kfh\desktop\cabinetex\cabinetex\x64\release\cabinet.res
c:\users\kfh\desktop\cabinetex\x64\release\cabinetex.lib
c:\users\kfh\desktop\cabinetex\x64\release\cabinetex.exp
c:\users\kfh\desktop\cabinetex\cabinetex\x64\release\cabinetex.ipdb
c:\users\kfh\desktop\cabinetex\cabinetex\x64\release\cabinetex.iobj
c:\users\kfh\desktop\cabinetex\cabinetex\x64\release\cabinetex.tlog\cl.command.1.tlog
c:\users\kfh\desktop\cabinetex\cabinetex\x64\release\cabinetex.tlog\cl.items.tlog
c:\users\kfh\desktop\cabinetex\cabinetex\x64\release\cabinetex.tlog\cl.read.1.tlog
c:\users\kfh\desktop\cabinetex\cabinetex\x64\release\cabinetex.tlog\cl.write.1.tlog
c:\users\kfh\desktop\cabinetex\cabinetex\x64\release\cabinetex.tlog\link.command.1.tlog
c:\users\kfh\desktop\cabinetex\cabinetex\x64\release\cabinetex.tlog\link.read.1.tlog
c:\users\kfh\desktop\cabinetex\cabinetex\x64\release\cabinetex.tlog\link.secondary.1.tlog
c:\users\kfh\desktop\cabinetex\cabinetex\x64\release\cabinetex.tlog\link.write.1.tlog
c:\users\kfh\desktop\cabinetex\cabinetex\x64\release\cabinetex.tlog\rc.command.1.tlog
c:\users\kfh\desktop\cabinetex\cabinetex\x64\release\cabinetex.tlog\rc.read.1.tlog
c:\users\kfh\desktop\cabinetex\cabinetex\x64\release\cabinetex.tlog\rc.write.1.tlog
